10:38:06.934 [main] INFO  o.f.c.i.license.VersionPrinter - Flyway Community Edition 9.4.0 by Redgate
10:38:06.937 [main] INFO  o.f.c.i.license.VersionPrinter - See what's new here: https://flywaydb.org/documentation/learnmore/releaseNotes#9.4.0
10:38:06.937 [main] INFO  o.f.c.i.license.VersionPrinter - 
10:38:07.318 [main] INFO  o.f.c.i.d.base.BaseDatabaseType - Database: jdbc:postgresql://localhost:5432/nms_lite (PostgreSQL 17.4)
10:38:07.325 [main] WARN  o.f.c.i.database.base.Database - Flyway upgrade recommended: PostgreSQL 17.4 is newer than this version of Flyway and support has not been tested. The latest supported version of PostgreSQL is 14.
10:38:07.359 [main] INFO  o.f.core.internal.command.DbValidate - Successfully validated 7 migrations (execution time 00:00.022s)
10:38:07.420 [main] INFO  o.f.core.internal.command.DbMigrate - Current version of schema "public": 6
10:38:07.421 [main] INFO  o.f.core.internal.command.DbMigrate - Schema "public" is up to date. No migration necessary.
10:38:07.427 [main] INFO  org.example.BootStrap - Database migration complete.
10:38:07.547 [vert.x-eventloop-thread-1] ERROR o.example.service.database.Database - Failed to start DatabaseVerticle: hii
10:38:11.598 [vert.x-eventloop-thread-0] ERROR org.example.BootStrap - Deployment failed at hii
10:38:11.599 [vert.x-eventloop-thread-0] INFO  org.example.BootStrap - All verticles undeployed. Now shutting down Vert.x...
10:38:11.607 [vert.x-eventloop-thread-7] INFO  org.example.BootStrap - Vert.x closed successfully.
12:19:11.459 [main] INFO  o.f.c.i.license.VersionPrinter - Flyway Community Edition 9.4.0 by Redgate
12:19:11.460 [main] INFO  o.f.c.i.license.VersionPrinter - See what's new here: https://flywaydb.org/documentation/learnmore/releaseNotes#9.4.0
12:19:11.460 [main] INFO  o.f.c.i.license.VersionPrinter - 
12:19:11.841 [main] INFO  o.f.c.i.d.base.BaseDatabaseType - Database: jdbc:postgresql://localhost:5432/nms_lite (PostgreSQL 17.4)
12:19:11.850 [main] WARN  o.f.c.i.database.base.Database - Flyway upgrade recommended: PostgreSQL 17.4 is newer than this version of Flyway and support has not been tested. The latest supported version of PostgreSQL is 14.
12:19:11.883 [main] INFO  o.f.core.internal.command.DbValidate - Successfully validated 7 migrations (execution time 00:00.024s)
12:19:11.944 [main] INFO  o.f.core.internal.command.DbMigrate - Current version of schema "public": 6
12:19:11.945 [main] INFO  o.f.core.internal.command.DbMigrate - Schema "public" is up to date. No migration necessary.
12:19:11.951 [main] INFO  org.example.BootStrap - Database migration complete.
12:19:12.095 [vert.x-eventloop-thread-1] INFO  o.example.service.database.Database - Services registered at database-service
12:19:12.098 [vert.x-eventloop-thread-0] INFO  org.example.BootStrap - Database started successfully
12:19:12.206 [vert.x-eventloop-thread-1] INFO  o.e.service.database.DatabaseClient - Connected to database
12:19:12.269 [vert.x-eventloop-thread-0] INFO  org.example.BootStrap - Server started successfully
12:19:12.291 [vert.x-eventloop-thread-0] INFO  org.example.BootStrap - AvailabilityPollingEngine started successfully
12:19:12.292 [vert.x-eventloop-thread-0] INFO  org.example.BootStrap - PollingProcessorEngine started successfully
12:19:12.293 [vert.x-eventloop-thread-0] INFO  org.example.BootStrap - MetricPollingEngine started successfully
12:19:12.295 [vert.x-eventloop-thread-0] INFO  org.example.BootStrap - PollerEngine started successfully
12:19:12.296 [vert.x-eventloop-thread-0] INFO  org.example.BootStrap - DiscoveryEngine started successfully
12:19:12.296 [vert.x-eventloop-thread-0] INFO  org.example.BootStrap - All verticles started successfully in sequence
12:19:22.304 [vert.x-eventloop-thread-5] WARN  o.e.verticles.MetricPollingEngine - No devices are UP for IDs: [2,3]
